<?xml version="1.0" encoding="UTF-8"?>
<!-- Generated by org.testng.reporters.JUnitXMLReporter -->
<testsuite ignored="1" hostname="HpLaptop" failures="0" tests="2" name="Test" time="218.417" errors="0" timestamp="2024-10-10T19:24:20 IST">
  <testcase classname="com.SwagLabs.testcases.TC_MyAccountPageTestDataDrivenTesting" name="verifyLogin" time="15.403"/>
  <testcase classname="com.SwagLabs.testcases.TC_MyAccountPageTestDataDrivenTesting" name="verifyLogin" time="8.941"/>
  <testcase classname="com.SwagLabs.testcases.TC_MyAccountPageTestDataDrivenTesting" name="verifyRegistrationAndLogin" time="0.0">
    <ignored/>
  </testcase> <!-- verifyRegistrationAndLogin -->
</testsuite> <!-- Test -->
