<?xml version="1.0" encoding="UTF-8"?>
<testng-results ignored="0" total="2" passed="2" failed="0" skipped="0">
  <reporter-output>
  </reporter-output>
  <suite started-at="2024-10-10T19:20:40 IST" name="Suite" finished-at="2024-10-10T19:24:19 IST" duration-ms="218417">
    <groups>
    </groups>
    <test started-at="2024-10-10T19:20:40 IST" name="Test" finished-at="2024-10-10T19:24:19 IST" duration-ms="218417">
      <class name="com.SwagLabs.testcases.TC_MyAccountPageTestDataDrivenTesting">
        <test-method is-config="true" signature="setup()[pri:0, instance:com.SwagLabs.testcases.TC_MyAccountPageTestDataDrivenTesting@7e07db1f]" started-at="2024-10-10T19:20:41 IST" name="setup" finished-at="2024-10-10T19:23:40 IST" duration-ms="179547" status="PASS">
          <reporter-output>
          </reporter-output>
        </test-method> <!-- setup -->
        <test-method signature="verifyLogin(java.lang.String,java.lang.String,java.lang.String)[pri:0, instance:com.SwagLabs.testcases.TC_MyAccountPageTestDataDrivenTesting@7e07db1f]" started-at="2024-10-10T19:23:47 IST" name="verifyLogin" data-provider="LoginDataPrrovider" finished-at="2024-10-10T19:24:03 IST" duration-ms="15403" status="PASS">
          <params>
            <param index="0">
              <value>
                <![CDATA[sumit456@gmail.com]]>
              </value>
            </param>
            <param index="1">
              <value>
                <![CDATA[sumit_456]]>
              </value>
            </param>
            <param index="2">
              <value>
                <![CDATA[Sumit Verma]]>
              </value>
            </param>
          </params>
          <reporter-output>
          </reporter-output>
        </test-method> <!-- verifyLogin -->
        <test-method signature="verifyLogin(java.lang.String,java.lang.String,java.lang.String)[pri:0, instance:com.SwagLabs.testcases.TC_MyAccountPageTestDataDrivenTesting@7e07db1f]" started-at="2024-10-10T19:24:03 IST" name="verifyLogin" data-provider="LoginDataPrrovider" finished-at="2024-10-10T19:24:12 IST" duration-ms="8941" status="PASS">
          <params>
            <param index="0">
              <value>
                <![CDATA[sumit458@gmail.com]]>
              </value>
            </param>
            <param index="1">
              <value>
                <![CDATA[sumit_458]]>
              </value>
            </param>
            <param index="2">
              <value>
                <![CDATA[Sumit Singh]]>
              </value>
            </param>
          </params>
          <reporter-output>
          </reporter-output>
        </test-method> <!-- verifyLogin -->
        <test-method is-config="true" signature="tearDown()[pri:0, instance:com.SwagLabs.testcases.TC_MyAccountPageTestDataDrivenTesting@7e07db1f]" started-at="2024-10-10T19:24:12 IST" name="tearDown" finished-at="2024-10-10T19:24:19 IST" duration-ms="6772" status="PASS">
          <reporter-output>
          </reporter-output>
        </test-method> <!-- tearDown -->
      </class> <!-- com.SwagLabs.testcases.TC_MyAccountPageTestDataDrivenTesting -->
    </test> <!-- Test -->
  </suite> <!-- Suite -->
</testng-results>
