<?xml version="1.0" encoding="UTF-8"?>
<testng-results ignored="0" total="2" passed="2" failed="0" skipped="0">
  <reporter-output>
  </reporter-output>
  <suite started-at="2024-10-10T18:14:54 IST" name="Suite" finished-at="2024-10-10T18:16:43 IST" duration-ms="108754">
    <groups>
    </groups>
    <test started-at="2024-10-10T18:14:54 IST" name="Test" finished-at="2024-10-10T18:16:43 IST" duration-ms="108754">
      <class name="com.SwagLabs.testcases.TC_MyAccountPageTestDataDrivenTesting">
        <test-method is-config="true" signature="setup()[pri:0, instance:com.SwagLabs.testcases.TC_MyAccountPageTestDataDrivenTesting@682b2fa]" started-at="2024-10-10T18:14:56 IST" name="setup" finished-at="2024-10-10T18:16:10 IST" duration-ms="74289" status="PASS">
          <reporter-output>
          </reporter-output>
        </test-method> <!-- setup -->
        <test-method signature="verifyLogin(java.lang.String,java.lang.String,java.lang.String)[pri:0, instance:com.SwagLabs.testcases.TC_MyAccountPageTestDataDrivenTesting@682b2fa]" started-at="2024-10-10T18:16:16 IST" name="verifyLogin" data-provider="LoginDataPrrovider" finished-at="2024-10-10T18:16:32 IST" duration-ms="15919" status="PASS">
          <params>
            <param index="0">
              <value>
                <![CDATA[sumit456@gmail.com]]>
              </value>
            </param>
            <param index="1">
              <value>
                <![CDATA[sumit_456]]>
              </value>
            </param>
            <param index="2">
              <value>
                <![CDATA[Sumit Verma]]>
              </value>
            </param>
          </params>
          <reporter-output>
          </reporter-output>
        </test-method> <!-- verifyLogin -->
        <test-method signature="verifyLogin(java.lang.String,java.lang.String,java.lang.String)[pri:0, instance:com.SwagLabs.testcases.TC_MyAccountPageTestDataDrivenTesting@682b2fa]" started-at="2024-10-10T18:16:32 IST" name="verifyLogin" data-provider="LoginDataPrrovider" finished-at="2024-10-10T18:16:38 IST" duration-ms="5544" status="PASS">
          <params>
            <param index="0">
              <value>
                <![CDATA[sumit458@gmail.com]]>
              </value>
            </param>
            <param index="1">
              <value>
                <![CDATA[sumit_458]]>
              </value>
            </param>
            <param index="2">
              <value>
                <![CDATA[Sumit Singh]]>
              </value>
            </param>
          </params>
          <reporter-output>
          </reporter-output>
        </test-method> <!-- verifyLogin -->
        <test-method is-config="true" signature="tearDown()[pri:0, instance:com.SwagLabs.testcases.TC_MyAccountPageTestDataDrivenTesting@682b2fa]" started-at="2024-10-10T18:16:38 IST" name="tearDown" finished-at="2024-10-10T18:16:43 IST" duration-ms="4754" status="PASS">
          <reporter-output>
          </reporter-output>
        </test-method> <!-- tearDown -->
      </class> <!-- com.SwagLabs.testcases.TC_MyAccountPageTestDataDrivenTesting -->
    </test> <!-- Test -->
  </suite> <!-- Suite -->
</testng-results>
